Analysis & Synthesis report for EV22G5
Mon Jun 27 23:41:40 2022
Quartus Prime Version 20.1.0 Build 711 06/05/2020 SJ Lite Edition


---------------------
; Table of Contents ;
---------------------
  1. Legal Notice
  2. Analysis & Synthesis Summary
  3. Analysis & Synthesis Settings
  4. Parallel Compilation
  5. Analysis & Synthesis Source Files Read
  6. Analysis & Synthesis Resource Usage Summary
  7. Analysis & Synthesis Resource Utilization by Entity
  8. Analysis & Synthesis IP Cores Summary
  9. Registers Removed During Synthesis
 10. Removed Registers Triggering Further Register Optimizations
 11. General Register Statistics
 12. Source assignments for DATA:inst3|altsyncram:altsyncram_component|altsyncram_2jf1:auto_generated
 13. Source assignments for PROGRAM:program|altsyncram:altsyncram_component|altsyncram_s6a1:auto_generated
 14. Parameter Settings for User Entity Instance: DATA:inst3|altsyncram:altsyncram_component
 15. Parameter Settings for User Entity Instance: PLL:pll|altpll:altpll_component
 16. Parameter Settings for User Entity Instance: PROGRAM:program|altsyncram:altsyncram_component
 17. altsyncram Parameter Settings by Entity Instance
 18. altpll Parameter Settings by Entity Instance
 19. Post-Synthesis Netlist Statistics for Top Partition
 20. Elapsed Time Per Partition
 21. Analysis & Synthesis Messages
 22. Analysis & Synthesis Suppressed Messages



----------------
; Legal Notice ;
----------------
Copyright (C) 2020  Intel Corporation. All rights reserved.
Your use of Intel Corporation's design tools, logic functions 
and other software and tools, and any partner logic 
functions, and any output files from any of the foregoing 
(including device programming or simulation files), and any 
associated documentation or information are expressly subject 
to the terms and conditions of the Intel Program License 
Subscription Agreement, the Intel Quartus Prime License Agreement,
the Intel FPGA IP License Agreement, or other applicable license
agreement, including, without limitation, that your use is for
the sole purpose of programming logic devices manufactured by
Intel and sold by Intel or its authorized distributors.  Please
refer to the applicable agreement for further details, at
https://fpgasoftware.intel.com/eula.



+----------------------------------------------------------------------------------+
; Analysis & Synthesis Summary                                                     ;
+------------------------------------+---------------------------------------------+
; Analysis & Synthesis Status        ; Successful - Mon Jun 27 23:41:40 2022       ;
; Quartus Prime Version              ; 20.1.0 Build 711 06/05/2020 SJ Lite Edition ;
; Revision Name                      ; EV22G5                                      ;
; Top-level Entity Name              ; EV22G5                                      ;
; Family                             ; Cyclone IV E                                ;
; Total logic elements               ; 0                                           ;
;     Total combinational functions  ; 0                                           ;
;     Dedicated logic registers      ; 0                                           ;
; Total registers                    ; 0                                           ;
; Total pins                         ; 1                                           ;
; Total virtual pins                 ; 0                                           ;
; Total memory bits                  ; 0                                           ;
; Embedded Multiplier 9-bit elements ; 0                                           ;
; Total PLLs                         ; 0                                           ;
+------------------------------------+---------------------------------------------+


+------------------------------------------------------------------------------------------------------------+
; Analysis & Synthesis Settings                                                                              ;
+------------------------------------------------------------------+--------------------+--------------------+
; Option                                                           ; Setting            ; Default Value      ;
+------------------------------------------------------------------+--------------------+--------------------+
; Device                                                           ; EP4CE22F17C6       ;                    ;
; Top-level entity name                                            ; EV22G5             ; EV22G5             ;
; Family name                                                      ; Cyclone IV E       ; Cyclone V          ;
; Use smart compilation                                            ; Off                ; Off                ;
; Enable parallel Assembler and Timing Analyzer during compilation ; On                 ; On                 ;
; Enable compact report table                                      ; Off                ; Off                ;
; Restructure Multiplexers                                         ; Auto               ; Auto               ;
; Create Debugging Nodes for IP Cores                              ; Off                ; Off                ;
; Preserve fewer node names                                        ; On                 ; On                 ;
; Intel FPGA IP Evaluation Mode                                    ; Enable             ; Enable             ;
; Verilog Version                                                  ; Verilog_2001       ; Verilog_2001       ;
; VHDL Version                                                     ; VHDL_1993          ; VHDL_1993          ;
; State Machine Processing                                         ; Auto               ; Auto               ;
; Safe State Machine                                               ; Off                ; Off                ;
; Extract Verilog State Machines                                   ; On                 ; On                 ;
; Extract VHDL State Machines                                      ; On                 ; On                 ;
; Ignore Verilog initial constructs                                ; Off                ; Off                ;
; Iteration limit for constant Verilog loops                       ; 5000               ; 5000               ;
; Iteration limit for non-constant Verilog loops                   ; 250                ; 250                ;
; Add Pass-Through Logic to Inferred RAMs                          ; On                 ; On                 ;
; Infer RAMs from Raw Logic                                        ; On                 ; On                 ;
; Parallel Synthesis                                               ; On                 ; On                 ;
; DSP Block Balancing                                              ; Auto               ; Auto               ;
; NOT Gate Push-Back                                               ; On                 ; On                 ;
; Power-Up Don't Care                                              ; On                 ; On                 ;
; Remove Redundant Logic Cells                                     ; Off                ; Off                ;
; Remove Duplicate Registers                                       ; On                 ; On                 ;
; Ignore CARRY Buffers                                             ; Off                ; Off                ;
; Ignore CASCADE Buffers                                           ; Off                ; Off                ;
; Ignore GLOBAL Buffers                                            ; Off                ; Off                ;
; Ignore ROW GLOBAL Buffers                                        ; Off                ; Off                ;
; Ignore LCELL Buffers                                             ; Off                ; Off                ;
; Ignore SOFT Buffers                                              ; On                 ; On                 ;
; Limit AHDL Integers to 32 Bits                                   ; Off                ; Off                ;
; Optimization Technique                                           ; Balanced           ; Balanced           ;
; Carry Chain Length                                               ; 70                 ; 70                 ;
; Auto Carry Chains                                                ; On                 ; On                 ;
; Auto Open-Drain Pins                                             ; On                 ; On                 ;
; Perform WYSIWYG Primitive Resynthesis                            ; Off                ; Off                ;
; Auto ROM Replacement                                             ; On                 ; On                 ;
; Auto RAM Replacement                                             ; On                 ; On                 ;
; Auto DSP Block Replacement                                       ; On                 ; On                 ;
; Auto Shift Register Replacement                                  ; Auto               ; Auto               ;
; Allow Shift Register Merging across Hierarchies                  ; Auto               ; Auto               ;
; Auto Clock Enable Replacement                                    ; On                 ; On                 ;
; Strict RAM Replacement                                           ; Off                ; Off                ;
; Allow Synchronous Control Signals                                ; On                 ; On                 ;
; Force Use of Synchronous Clear Signals                           ; Off                ; Off                ;
; Auto RAM Block Balancing                                         ; On                 ; On                 ;
; Auto RAM to Logic Cell Conversion                                ; Off                ; Off                ;
; Auto Resource Sharing                                            ; Off                ; Off                ;
; Allow Any RAM Size For Recognition                               ; Off                ; Off                ;
; Allow Any ROM Size For Recognition                               ; Off                ; Off                ;
; Allow Any Shift Register Size For Recognition                    ; Off                ; Off                ;
; Use LogicLock Constraints during Resource Balancing              ; On                 ; On                 ;
; Ignore translate_off and synthesis_off directives                ; Off                ; Off                ;
; Timing-Driven Synthesis                                          ; On                 ; On                 ;
; Report Parameter Settings                                        ; On                 ; On                 ;
; Report Source Assignments                                        ; On                 ; On                 ;
; Report Connectivity Checks                                       ; On                 ; On                 ;
; Ignore Maximum Fan-Out Assignments                               ; Off                ; Off                ;
; Synchronization Register Chain Length                            ; 2                  ; 2                  ;
; Power Optimization During Synthesis                              ; Normal compilation ; Normal compilation ;
; HDL message level                                                ; Level2             ; Level2             ;
; Suppress Register Optimization Related Messages                  ; Off                ; Off                ;
; Number of Removed Registers Reported in Synthesis Report         ; 5000               ; 5000               ;
; Number of Swept Nodes Reported in Synthesis Report               ; 5000               ; 5000               ;
; Number of Inverted Registers Reported in Synthesis Report        ; 100                ; 100                ;
; Clock MUX Protection                                             ; On                 ; On                 ;
; Auto Gated Clock Conversion                                      ; Off                ; Off                ;
; Block Design Naming                                              ; Auto               ; Auto               ;
; SDC constraint protection                                        ; Off                ; Off                ;
; Synthesis Effort                                                 ; Auto               ; Auto               ;
; Shift Register Replacement - Allow Asynchronous Clear Signal     ; On                 ; On                 ;
; Pre-Mapping Resynthesis Optimization                             ; Off                ; Off                ;
; Analysis & Synthesis Message Level                               ; Medium             ; Medium             ;
; Disable Register Merging Across Hierarchies                      ; Auto               ; Auto               ;
; Resource Aware Inference For Block RAM                           ; On                 ; On                 ;
+------------------------------------------------------------------+--------------------+--------------------+


+------------------------------------------+
; Parallel Compilation                     ;
+----------------------------+-------------+
; Processors                 ; Number      ;
+----------------------------+-------------+
; Number detected on machine ; 4           ;
; Maximum allowed            ; 2           ;
;                            ;             ;
; Average used               ; 1.00        ;
; Maximum used               ; 1           ;
;                            ;             ;
; Usage by Processor         ; % Time Used ;
;     Processor 1            ; 100.0%      ;
+----------------------------+-------------+


+-----------------------------------------------------------------------------------------------------------------------------------------------------------------------------+
; Analysis & Synthesis Source Files Read                                                                                                                                      ;
+----------------------------------+-----------------+------------------------------------+-------------------------------------------------------------------------+---------+
; File Name with User-Entered Path ; Used in Netlist ; File Type                          ; File Name with Absolute Path                                            ; Library ;
+----------------------------------+-----------------+------------------------------------+-------------------------------------------------------------------------+---------+
; modules/UCtest.v                 ; yes             ; User Verilog HDL File              ; D:/intelFPGA/Projects/EV22G5/modules/UCtest.v                           ;         ;
; modules/EFF24.v                  ; yes             ; User Verilog HDL File              ; D:/intelFPGA/Projects/EV22G5/modules/EFF24.v                            ;         ;
; modules/pc.v                     ; yes             ; User Verilog HDL File              ; D:/intelFPGA/Projects/EV22G5/modules/pc.v                               ;         ;
; EV22G5.bdf                       ; yes             ; User Block Diagram/Schematic File  ; D:/intelFPGA/Projects/EV22G5/EV22G5.bdf                                 ;         ;
; PLL.v                            ; yes             ; User Wizard-Generated File         ; D:/intelFPGA/Projects/EV22G5/PLL.v                                      ;         ;
; PROGRAM.mif                      ; yes             ; User Memory Initialization File    ; D:/intelFPGA/Projects/EV22G5/PROGRAM.mif                                ;         ;
; DATA.v                           ; yes             ; User Wizard-Generated File         ; D:/intelFPGA/Projects/EV22G5/DATA.v                                     ;         ;
; altsyncram.tdf                   ; yes             ; Megafunction                       ; d:/intelfpga/20.1/quartus/libraries/megafunctions/altsyncram.tdf        ;         ;
; stratix_ram_block.inc            ; yes             ; Megafunction                       ; d:/intelfpga/20.1/quartus/libraries/megafunctions/stratix_ram_block.inc ;         ;
; lpm_mux.inc                      ; yes             ; Megafunction                       ; d:/intelfpga/20.1/quartus/libraries/megafunctions/lpm_mux.inc           ;         ;
; lpm_decode.inc                   ; yes             ; Megafunction                       ; d:/intelfpga/20.1/quartus/libraries/megafunctions/lpm_decode.inc        ;         ;
; aglobal201.inc                   ; yes             ; Megafunction                       ; d:/intelfpga/20.1/quartus/libraries/megafunctions/aglobal201.inc        ;         ;
; a_rdenreg.inc                    ; yes             ; Megafunction                       ; d:/intelfpga/20.1/quartus/libraries/megafunctions/a_rdenreg.inc         ;         ;
; altrom.inc                       ; yes             ; Megafunction                       ; d:/intelfpga/20.1/quartus/libraries/megafunctions/altrom.inc            ;         ;
; altram.inc                       ; yes             ; Megafunction                       ; d:/intelfpga/20.1/quartus/libraries/megafunctions/altram.inc            ;         ;
; altdpram.inc                     ; yes             ; Megafunction                       ; d:/intelfpga/20.1/quartus/libraries/megafunctions/altdpram.inc          ;         ;
; db/altsyncram_2jf1.tdf           ; yes             ; Auto-Generated Megafunction        ; D:/intelFPGA/Projects/EV22G5/db/altsyncram_2jf1.tdf                     ;         ;
; altpll.tdf                       ; yes             ; Megafunction                       ; d:/intelfpga/20.1/quartus/libraries/megafunctions/altpll.tdf            ;         ;
; stratix_pll.inc                  ; yes             ; Megafunction                       ; d:/intelfpga/20.1/quartus/libraries/megafunctions/stratix_pll.inc       ;         ;
; stratixii_pll.inc                ; yes             ; Megafunction                       ; d:/intelfpga/20.1/quartus/libraries/megafunctions/stratixii_pll.inc     ;         ;
; cycloneii_pll.inc                ; yes             ; Megafunction                       ; d:/intelfpga/20.1/quartus/libraries/megafunctions/cycloneii_pll.inc     ;         ;
; db/pll_altpll.v                  ; yes             ; Auto-Generated Megafunction        ; D:/intelFPGA/Projects/EV22G5/db/pll_altpll.v                            ;         ;
; program.v                        ; yes             ; Auto-Found Wizard-Generated File   ; D:/intelFPGA/Projects/EV22G5/program.v                                  ;         ;
; db/altsyncram_s6a1.tdf           ; yes             ; Auto-Generated Megafunction        ; D:/intelFPGA/Projects/EV22G5/db/altsyncram_s6a1.tdf                     ;         ;
+----------------------------------+-----------------+------------------------------------+-------------------------------------------------------------------------+---------+


+---------------------------------------------------------+
; Analysis & Synthesis Resource Usage Summary             ;
+---------------------------------------------+-----------+
; Resource                                    ; Usage     ;
+---------------------------------------------+-----------+
;                                             ;           ;
; Total combinational functions               ; 0         ;
; Logic element usage by number of LUT inputs ;           ;
;     -- 4 input functions                    ; 0         ;
;     -- 3 input functions                    ; 0         ;
;     -- <=2 input functions                  ; 0         ;
;                                             ;           ;
; Logic elements by mode                      ;           ;
;     -- normal mode                          ; 0         ;
;     -- arithmetic mode                      ; 0         ;
;                                             ;           ;
; Total registers                             ; 0         ;
;     -- Dedicated logic registers            ; 0         ;
;     -- I/O registers                        ; 0         ;
;                                             ;           ;
; I/O pins                                    ; 1         ;
;                                             ;           ;
; Embedded Multiplier 9-bit elements          ; 0         ;
;                                             ;           ;
; Maximum fan-out node                        ; clk_input ;
; Maximum fan-out                             ; 1         ;
; Total fan-out                               ; 1         ;
; Average fan-out                             ; 0.50      ;
+---------------------------------------------+-----------+


+----------------------------------------------------------------------------------------------------------------------------------------------------------------------------------------------------------+
; Analysis & Synthesis Resource Utilization by Entity                                                                                                                                                      ;
+----------------------------+---------------------+---------------------------+-------------+--------------+---------+-----------+------+--------------+---------------------+-------------+--------------+
; Compilation Hierarchy Node ; Combinational ALUTs ; Dedicated Logic Registers ; Memory Bits ; DSP Elements ; DSP 9x9 ; DSP 18x18 ; Pins ; Virtual Pins ; Full Hierarchy Name ; Entity Name ; Library Name ;
+----------------------------+---------------------+---------------------------+-------------+--------------+---------+-----------+------+--------------+---------------------+-------------+--------------+
; |EV22G5                    ; 0 (0)               ; 0 (0)                     ; 0           ; 0            ; 0       ; 0         ; 1    ; 0            ; |EV22G5             ; EV22G5      ; work         ;
+----------------------------+---------------------+---------------------------+-------------+--------------+---------+-----------+------+--------------+---------------------+-------------+--------------+
Note: For table entries with two numbers listed, the numbers in parentheses indicate the number of resources of the given type used by the specific entity alone. The numbers listed outside of parentheses indicate the total resources of the given type used by the specific entity and all of its sub-entities in the hierarchy.


+------------------------------------------------------------------------------------------------------+
; Analysis & Synthesis IP Cores Summary                                                                ;
+--------+--------------+---------+--------------+--------------+--------------------+-----------------+
; Vendor ; IP Core Name ; Version ; Release Date ; License Type ; Entity Instance    ; IP Include File ;
+--------+--------------+---------+--------------+--------------+--------------------+-----------------+
; Altera ; RAM: 1-PORT  ; 20.1    ; N/A          ; N/A          ; |EV22G5|DATA:inst3 ; DATA.v          ;
; Altera ; ALTPLL       ; 20.1    ; N/A          ; N/A          ; |EV22G5|PLL:pll    ; PLL.v           ;
+--------+--------------+---------+--------------+--------------+--------------------+-----------------+


+---------------------------------------------------------------------------------+
; Registers Removed During Synthesis                                              ;
+----------------------------------------+----------------------------------------+
; Register name                          ; Reason for Removal                     ;
+----------------------------------------+----------------------------------------+
; UCtest:uctest|hold                     ; Stuck at VCC due to stuck port data_in ;
; pc:pc|pc_output[0..6]                  ; Lost fanout                            ;
; pc:pc|hold                             ; Lost fanout                            ;
; pc:pc|pc_aux[0..2,9..11]               ; Lost fanout                            ;
; pc:pc|start                            ; Lost fanout                            ;
; pc:pc|pc_aux[3..8]                     ; Lost fanout                            ;
; pc:pc|pc_output[7..11]                 ; Lost fanout                            ;
; Total Number of Removed Registers = 27 ;                                        ;
+----------------------------------------+----------------------------------------+


+----------------------------------------------------------------------------------+
; Removed Registers Triggering Further Register Optimizations                      ;
+--------------------+--------------------+----------------------------------------+
; Register name      ; Reason for Removal ; Registers Removed due to This Register ;
+--------------------+--------------------+----------------------------------------+
; pc:pc|pc_output[6] ; Lost Fanouts       ; pc:pc|start                            ;
+--------------------+--------------------+----------------------------------------+


+------------------------------------------------------+
; General Register Statistics                          ;
+----------------------------------------------+-------+
; Statistic                                    ; Value ;
+----------------------------------------------+-------+
; Total registers                              ; 0     ;
; Number of registers using Synchronous Clear  ; 0     ;
; Number of registers using Synchronous Load   ; 0     ;
; Number of registers using Asynchronous Clear ; 0     ;
; Number of registers using Asynchronous Load  ; 0     ;
; Number of registers using Clock Enable       ; 0     ;
; Number of registers using Preset             ; 0     ;
+----------------------------------------------+-------+


+--------------------------------------------------------------------------------------------------+
; Source assignments for DATA:inst3|altsyncram:altsyncram_component|altsyncram_2jf1:auto_generated ;
+---------------------------------+--------------------+------+------------------------------------+
; Assignment                      ; Value              ; From ; To                                 ;
+---------------------------------+--------------------+------+------------------------------------+
; OPTIMIZE_POWER_DURING_SYNTHESIS ; NORMAL_COMPILATION ; -    ; -                                  ;
+---------------------------------+--------------------+------+------------------------------------+


+-------------------------------------------------------------------------------------------------------+
; Source assignments for PROGRAM:program|altsyncram:altsyncram_component|altsyncram_s6a1:auto_generated ;
+---------------------------------+--------------------+------+-----------------------------------------+
; Assignment                      ; Value              ; From ; To                                      ;
+---------------------------------+--------------------+------+-----------------------------------------+
; OPTIMIZE_POWER_DURING_SYNTHESIS ; NORMAL_COMPILATION ; -    ; -                                       ;
+---------------------------------+--------------------+------+-----------------------------------------+


+-----------------------------------------------------------------------------------------+
; Parameter Settings for User Entity Instance: DATA:inst3|altsyncram:altsyncram_component ;
+------------------------------------+----------------------+-----------------------------+
; Parameter Name                     ; Value                ; Type                        ;
+------------------------------------+----------------------+-----------------------------+
; BYTE_SIZE_BLOCK                    ; 8                    ; Untyped                     ;
; AUTO_CARRY_CHAINS                  ; ON                   ; AUTO_CARRY                  ;
; IGNORE_CARRY_BUFFERS               ; OFF                  ; IGNORE_CARRY                ;
; AUTO_CASCADE_CHAINS                ; ON                   ; AUTO_CASCADE                ;
; IGNORE_CASCADE_BUFFERS             ; OFF                  ; IGNORE_CASCADE              ;
; WIDTH_BYTEENA                      ; 1                    ; Untyped                     ;
; OPERATION_MODE                     ; SINGLE_PORT          ; Untyped                     ;
; WIDTH_A                            ; 16                   ; Signed Integer              ;
; WIDTHAD_A                          ; 12                   ; Signed Integer              ;
; NUMWORDS_A                         ; 4096                 ; Signed Integer              ;
; OUTDATA_REG_A                      ; CLOCK0               ; Untyped                     ;
; ADDRESS_ACLR_A                     ; NONE                 ; Untyped                     ;
; OUTDATA_ACLR_A                     ; NONE                 ; Untyped                     ;
; WRCONTROL_ACLR_A                   ; NONE                 ; Untyped                     ;
; INDATA_ACLR_A                      ; NONE                 ; Untyped                     ;
; BYTEENA_ACLR_A                     ; NONE                 ; Untyped                     ;
; WIDTH_B                            ; 1                    ; Untyped                     ;
; WIDTHAD_B                          ; 1                    ; Untyped                     ;
; NUMWORDS_B                         ; 1                    ; Untyped                     ;
; INDATA_REG_B                       ; CLOCK1               ; Untyped                     ;
; WRCONTROL_WRADDRESS_REG_B          ; CLOCK1               ; Untyped                     ;
; RDCONTROL_REG_B                    ; CLOCK1               ; Untyped                     ;
; ADDRESS_REG_B                      ; CLOCK1               ; Untyped                     ;
; OUTDATA_REG_B                      ; UNREGISTERED         ; Untyped                     ;
; BYTEENA_REG_B                      ; CLOCK1               ; Untyped                     ;
; INDATA_ACLR_B                      ; NONE                 ; Untyped                     ;
; WRCONTROL_ACLR_B                   ; NONE                 ; Untyped                     ;
; ADDRESS_ACLR_B                     ; NONE                 ; Untyped                     ;
; OUTDATA_ACLR_B                     ; NONE                 ; Untyped                     ;
; RDCONTROL_ACLR_B                   ; NONE                 ; Untyped                     ;
; BYTEENA_ACLR_B                     ; NONE                 ; Untyped                     ;
; WIDTH_BYTEENA_A                    ; 1                    ; Signed Integer              ;
; WIDTH_BYTEENA_B                    ; 1                    ; Untyped                     ;
; RAM_BLOCK_TYPE                     ; AUTO                 ; Untyped                     ;
; BYTE_SIZE                          ; 8                    ; Untyped                     ;
; READ_DURING_WRITE_MODE_MIXED_PORTS ; DONT_CARE            ; Untyped                     ;
; READ_DURING_WRITE_MODE_PORT_A      ; NEW_DATA_NO_NBE_READ ; Untyped                     ;
; READ_DURING_WRITE_MODE_PORT_B      ; NEW_DATA_NO_NBE_READ ; Untyped                     ;
; INIT_FILE                          ; UNUSED               ; Untyped                     ;
; INIT_FILE_LAYOUT                   ; PORT_A               ; Untyped                     ;
; MAXIMUM_DEPTH                      ; 0                    ; Untyped                     ;
; CLOCK_ENABLE_INPUT_A               ; BYPASS               ; Untyped                     ;
; CLOCK_ENABLE_INPUT_B               ; NORMAL               ; Untyped                     ;
; CLOCK_ENABLE_OUTPUT_A              ; BYPASS               ; Untyped                     ;
; CLOCK_ENABLE_OUTPUT_B              ; NORMAL               ; Untyped                     ;
; CLOCK_ENABLE_CORE_A                ; USE_INPUT_CLKEN      ; Untyped                     ;
; CLOCK_ENABLE_CORE_B                ; USE_INPUT_CLKEN      ; Untyped                     ;
; ENABLE_ECC                         ; FALSE                ; Untyped                     ;
; ECC_PIPELINE_STAGE_ENABLED         ; FALSE                ; Untyped                     ;
; WIDTH_ECCSTATUS                    ; 3                    ; Untyped                     ;
; DEVICE_FAMILY                      ; Cyclone IV E         ; Untyped                     ;
; CBXI_PARAMETER                     ; altsyncram_2jf1      ; Untyped                     ;
+------------------------------------+----------------------+-----------------------------+
Note: In order to hide this table in the UI and the text report file, please set the "Show Parameter Settings in Synthesis Report" option in "Analysis and Synthesis Settings -> More Settings" to "Off".


+------------------------------------------------------------------------------+
; Parameter Settings for User Entity Instance: PLL:pll|altpll:altpll_component ;
+-------------------------------+-----------------------+----------------------+
; Parameter Name                ; Value                 ; Type                 ;
+-------------------------------+-----------------------+----------------------+
; OPERATION_MODE                ; NORMAL                ; Untyped              ;
; PLL_TYPE                      ; AUTO                  ; Untyped              ;
; LPM_HINT                      ; CBX_MODULE_PREFIX=PLL ; Untyped              ;
; QUALIFY_CONF_DONE             ; OFF                   ; Untyped              ;
; COMPENSATE_CLOCK              ; CLK0                  ; Untyped              ;
; SCAN_CHAIN                    ; LONG                  ; Untyped              ;
; PRIMARY_CLOCK                 ; INCLK0                ; Untyped              ;
; INCLK0_INPUT_FREQUENCY        ; 10000                 ; Signed Integer       ;
; INCLK1_INPUT_FREQUENCY        ; 0                     ; Untyped              ;
; GATE_LOCK_SIGNAL              ; NO                    ; Untyped              ;
; GATE_LOCK_COUNTER             ; 0                     ; Untyped              ;
; LOCK_HIGH                     ; 1                     ; Untyped              ;
; LOCK_LOW                      ; 1                     ; Untyped              ;
; VALID_LOCK_MULTIPLIER         ; 1                     ; Untyped              ;
; INVALID_LOCK_MULTIPLIER       ; 5                     ; Untyped              ;
; SWITCH_OVER_ON_LOSSCLK        ; OFF                   ; Untyped              ;
; SWITCH_OVER_ON_GATED_LOCK     ; OFF                   ; Untyped              ;
; ENABLE_SWITCH_OVER_COUNTER    ; OFF                   ; Untyped              ;
; SKIP_VCO                      ; OFF                   ; Untyped              ;
; SWITCH_OVER_COUNTER           ; 0                     ; Untyped              ;
; SWITCH_OVER_TYPE              ; AUTO                  ; Untyped              ;
; FEEDBACK_SOURCE               ; EXTCLK0               ; Untyped              ;
; BANDWIDTH                     ; 0                     ; Untyped              ;
; BANDWIDTH_TYPE                ; AUTO                  ; Untyped              ;
; SPREAD_FREQUENCY              ; 0                     ; Untyped              ;
; DOWN_SPREAD                   ; 0                     ; Untyped              ;
; SELF_RESET_ON_GATED_LOSS_LOCK ; OFF                   ; Untyped              ;
; SELF_RESET_ON_LOSS_LOCK       ; OFF                   ; Untyped              ;
; CLK9_MULTIPLY_BY              ; 0                     ; Untyped              ;
; CLK8_MULTIPLY_BY              ; 0                     ; Untyped              ;
; CLK7_MULTIPLY_BY              ; 0                     ; Untyped              ;
; CLK6_MULTIPLY_BY              ; 0                     ; Untyped              ;
; CLK5_MULTIPLY_BY              ; 1                     ; Untyped              ;
; CLK4_MULTIPLY_BY              ; 1                     ; Untyped              ;
; CLK3_MULTIPLY_BY              ; 1                     ; Signed Integer       ;
; CLK2_MULTIPLY_BY              ; 1                     ; Signed Integer       ;
; CLK1_MULTIPLY_BY              ; 1                     ; Signed Integer       ;
; CLK0_MULTIPLY_BY              ; 1                     ; Signed Integer       ;
; CLK9_DIVIDE_BY                ; 0                     ; Untyped              ;
; CLK8_DIVIDE_BY                ; 0                     ; Untyped              ;
; CLK7_DIVIDE_BY                ; 0                     ; Untyped              ;
; CLK6_DIVIDE_BY                ; 0                     ; Untyped              ;
; CLK5_DIVIDE_BY                ; 1                     ; Untyped              ;
; CLK4_DIVIDE_BY                ; 1                     ; Untyped              ;
; CLK3_DIVIDE_BY                ; 100                   ; Signed Integer       ;
; CLK2_DIVIDE_BY                ; 100                   ; Signed Integer       ;
; CLK1_DIVIDE_BY                ; 100                   ; Signed Integer       ;
; CLK0_DIVIDE_BY                ; 100                   ; Signed Integer       ;
; CLK9_PHASE_SHIFT              ; 0                     ; Untyped              ;
; CLK8_PHASE_SHIFT              ; 0                     ; Untyped              ;
; CLK7_PHASE_SHIFT              ; 0                     ; Untyped              ;
; CLK6_PHASE_SHIFT              ; 0                     ; Untyped              ;
; CLK5_PHASE_SHIFT              ; 0                     ; Untyped              ;
; CLK4_PHASE_SHIFT              ; 0                     ; Untyped              ;
; CLK3_PHASE_SHIFT              ; 750000                ; Untyped              ;
; CLK2_PHASE_SHIFT              ; 500000                ; Untyped              ;
; CLK1_PHASE_SHIFT              ; 250000                ; Untyped              ;
; CLK0_PHASE_SHIFT              ; 0                     ; Untyped              ;
; CLK5_TIME_DELAY               ; 0                     ; Untyped              ;
; CLK4_TIME_DELAY               ; 0                     ; Untyped              ;
; CLK3_TIME_DELAY               ; 0                     ; Untyped              ;
; CLK2_TIME_DELAY               ; 0                     ; Untyped              ;
; CLK1_TIME_DELAY               ; 0                     ; Untyped              ;
; CLK0_TIME_DELAY               ; 0                     ; Untyped              ;
; CLK9_DUTY_CYCLE               ; 50                    ; Untyped              ;
; CLK8_DUTY_CYCLE               ; 50                    ; Untyped              ;
; CLK7_DUTY_CYCLE               ; 50                    ; Untyped              ;
; CLK6_DUTY_CYCLE               ; 50                    ; Untyped              ;
; CLK5_DUTY_CYCLE               ; 50                    ; Untyped              ;
; CLK4_DUTY_CYCLE               ; 50                    ; Untyped              ;
; CLK3_DUTY_CYCLE               ; 25                    ; Signed Integer       ;
; CLK2_DUTY_CYCLE               ; 25                    ; Signed Integer       ;
; CLK1_DUTY_CYCLE               ; 25                    ; Signed Integer       ;
; CLK0_DUTY_CYCLE               ; 25                    ; Signed Integer       ;
; CLK9_USE_EVEN_COUNTER_MODE    ; OFF                   ; Untyped              ;
; CLK8_USE_EVEN_COUNTER_MODE    ; OFF                   ; Untyped              ;
; CLK7_USE_EVEN_COUNTER_MODE    ; OFF                   ; Untyped              ;
; CLK6_USE_EVEN_COUNTER_MODE    ; OFF                   ; Untyped              ;
; CLK5_USE_EVEN_COUNTER_MODE    ; OFF                   ; Untyped              ;
; CLK4_USE_EVEN_COUNTER_MODE    ; OFF                   ; Untyped              ;
; CLK3_USE_EVEN_COUNTER_MODE    ; OFF                   ; Untyped              ;
; CLK2_USE_EVEN_COUNTER_MODE    ; OFF                   ; Untyped              ;
; CLK1_USE_EVEN_COUNTER_MODE    ; OFF                   ; Untyped              ;
; CLK0_USE_EVEN_COUNTER_MODE    ; OFF                   ; Untyped              ;
; CLK9_USE_EVEN_COUNTER_VALUE   ; OFF                   ; Untyped              ;
; CLK8_USE_EVEN_COUNTER_VALUE   ; OFF                   ; Untyped              ;
; CLK7_USE_EVEN_COUNTER_VALUE   ; OFF                   ; Untyped              ;
; CLK6_USE_EVEN_COUNTER_VALUE   ; OFF                   ; Untyped              ;
; CLK5_USE_EVEN_COUNTER_VALUE   ; OFF                   ; Untyped              ;
; CLK4_USE_EVEN_COUNTER_VALUE   ; OFF                   ; Untyped              ;
; CLK3_USE_EVEN_COUNTER_VALUE   ; OFF                   ; Untyped              ;
; CLK2_USE_EVEN_COUNTER_VALUE   ; OFF                   ; Untyped              ;
; CLK1_USE_EVEN_COUNTER_VALUE   ; OFF                   ; Untyped              ;
; CLK0_USE_EVEN_COUNTER_VALUE   ; OFF                   ; Untyped              ;
; LOCK_WINDOW_UI                ;  0.05                 ; Untyped              ;
; LOCK_WINDOW_UI_BITS           ; UNUSED                ; Untyped              ;
; VCO_RANGE_DETECTOR_LOW_BITS   ; UNUSED                ; Untyped              ;
; VCO_RANGE_DETECTOR_HIGH_BITS  ; UNUSED                ; Untyped              ;
; DPA_MULTIPLY_BY               ; 0                     ; Untyped              ;
; DPA_DIVIDE_BY                 ; 1                     ; Untyped              ;
; DPA_DIVIDER                   ; 0                     ; Untyped              ;
; EXTCLK3_MULTIPLY_BY           ; 1                     ; Untyped              ;
; EXTCLK2_MULTIPLY_BY           ; 1                     ; Untyped              ;
; EXTCLK1_MULTIPLY_BY           ; 1                     ; Untyped              ;
; EXTCLK0_MULTIPLY_BY           ; 1                     ; Untyped              ;
; EXTCLK3_DIVIDE_BY             ; 1                     ; Untyped              ;
; EXTCLK2_DIVIDE_BY             ; 1                     ; Untyped              ;
; EXTCLK1_DIVIDE_BY             ; 1                     ; Untyped              ;
; EXTCLK0_DIVIDE_BY             ; 1                     ; Untyped              ;
; EXTCLK3_PHASE_SHIFT           ; 0                     ; Untyped              ;
; EXTCLK2_PHASE_SHIFT           ; 0                     ; Untyped              ;
; EXTCLK1_PHASE_SHIFT           ; 0                     ; Untyped              ;
; EXTCLK0_PHASE_SHIFT           ; 0                     ; Untyped              ;
; EXTCLK3_TIME_DELAY            ; 0                     ; Untyped              ;
; EXTCLK2_TIME_DELAY            ; 0                     ; Untyped              ;
; EXTCLK1_TIME_DELAY            ; 0                     ; Untyped              ;
; EXTCLK0_TIME_DELAY            ; 0                     ; Untyped              ;
; EXTCLK3_DUTY_CYCLE            ; 50                    ; Untyped              ;
; EXTCLK2_DUTY_CYCLE            ; 50                    ; Untyped              ;
; EXTCLK1_DUTY_CYCLE            ; 50                    ; Untyped              ;
; EXTCLK0_DUTY_CYCLE            ; 50                    ; Untyped              ;
; VCO_MULTIPLY_BY               ; 0                     ; Untyped              ;
; VCO_DIVIDE_BY                 ; 0                     ; Untyped              ;
; SCLKOUT0_PHASE_SHIFT          ; 0                     ; Untyped              ;
; SCLKOUT1_PHASE_SHIFT          ; 0                     ; Untyped              ;
; VCO_MIN                       ; 0                     ; Untyped              ;
; VCO_MAX                       ; 0                     ; Untyped              ;
; VCO_CENTER                    ; 0                     ; Untyped              ;
; PFD_MIN                       ; 0                     ; Untyped              ;
; PFD_MAX                       ; 0                     ; Untyped              ;
; M_INITIAL                     ; 0                     ; Untyped              ;
; M                             ; 0                     ; Untyped              ;
; N                             ; 1                     ; Untyped              ;
; M2                            ; 1                     ; Untyped              ;
; N2                            ; 1                     ; Untyped              ;
; SS                            ; 1                     ; Untyped              ;
; C0_HIGH                       ; 0                     ; Untyped              ;
; C1_HIGH                       ; 0                     ; Untyped              ;
; C2_HIGH                       ; 0                     ; Untyped              ;
; C3_HIGH                       ; 0                     ; Untyped              ;
; C4_HIGH                       ; 0                     ; Untyped              ;
; C5_HIGH                       ; 0                     ; Untyped              ;
; C6_HIGH                       ; 0                     ; Untyped              ;
; C7_HIGH                       ; 0                     ; Untyped              ;
; C8_HIGH                       ; 0                     ; Untyped              ;
; C9_HIGH                       ; 0                     ; Untyped              ;
; C0_LOW                        ; 0                     ; Untyped              ;
; C1_LOW                        ; 0                     ; Untyped              ;
; C2_LOW                        ; 0                     ; Untyped              ;
; C3_LOW                        ; 0                     ; Untyped              ;
; C4_LOW                        ; 0                     ; Untyped              ;
; C5_LOW                        ; 0                     ; Untyped              ;
; C6_LOW                        ; 0                     ; Untyped              ;
; C7_LOW                        ; 0                     ; Untyped              ;
; C8_LOW                        ; 0                     ; Untyped              ;
; C9_LOW                        ; 0                     ; Untyped              ;
; C0_INITIAL                    ; 0                     ; Untyped              ;
; C1_INITIAL                    ; 0                     ; Untyped              ;
; C2_INITIAL                    ; 0                     ; Untyped              ;
; C3_INITIAL                    ; 0                     ; Untyped              ;
; C4_INITIAL                    ; 0                     ; Untyped              ;
; C5_INITIAL                    ; 0                     ; Untyped              ;
; C6_INITIAL                    ; 0                     ; Untyped              ;
; C7_INITIAL                    ; 0                     ; Untyped              ;
; C8_INITIAL                    ; 0                     ; Untyped              ;
; C9_INITIAL                    ; 0                     ; Untyped              ;
; C0_MODE                       ; BYPASS                ; Untyped              ;
; C1_MODE                       ; BYPASS                ; Untyped              ;
; C2_MODE                       ; BYPASS                ; Untyped              ;
; C3_MODE                       ; BYPASS                ; Untyped              ;
; C4_MODE                       ; BYPASS                ; Untyped              ;
; C5_MODE                       ; BYPASS                ; Untyped              ;
; C6_MODE                       ; BYPASS                ; Untyped              ;
; C7_MODE                       ; BYPASS                ; Untyped              ;
; C8_MODE                       ; BYPASS                ; Untyped              ;
; C9_MODE                       ; BYPASS                ; Untyped              ;
; C0_PH                         ; 0                     ; Untyped              ;
; C1_PH                         ; 0                     ; Untyped              ;
; C2_PH                         ; 0                     ; Untyped              ;
; C3_PH                         ; 0                     ; Untyped              ;
; C4_PH                         ; 0                     ; Untyped              ;
; C5_PH                         ; 0                     ; Untyped              ;
; C6_PH                         ; 0                     ; Untyped              ;
; C7_PH                         ; 0                     ; Untyped              ;
; C8_PH                         ; 0                     ; Untyped              ;
; C9_PH                         ; 0                     ; Untyped              ;
; L0_HIGH                       ; 1                     ; Untyped              ;
; L1_HIGH                       ; 1                     ; Untyped              ;
; G0_HIGH                       ; 1                     ; Untyped              ;
; G1_HIGH                       ; 1                     ; Untyped              ;
; G2_HIGH                       ; 1                     ; Untyped              ;
; G3_HIGH                       ; 1                     ; Untyped              ;
; E0_HIGH                       ; 1                     ; Untyped              ;
; E1_HIGH                       ; 1                     ; Untyped              ;
; E2_HIGH                       ; 1                     ; Untyped              ;
; E3_HIGH                       ; 1                     ; Untyped              ;
; L0_LOW                        ; 1                     ; Untyped              ;
; L1_LOW                        ; 1                     ; Untyped              ;
; G0_LOW                        ; 1                     ; Untyped              ;
; G1_LOW                        ; 1                     ; Untyped              ;
; G2_LOW                        ; 1                     ; Untyped              ;
; G3_LOW                        ; 1                     ; Untyped              ;
; E0_LOW                        ; 1                     ; Untyped              ;
; E1_LOW                        ; 1                     ; Untyped              ;
; E2_LOW                        ; 1                     ; Untyped              ;
; E3_LOW                        ; 1                     ; Untyped              ;
; L0_INITIAL                    ; 1                     ; Untyped              ;
; L1_INITIAL                    ; 1                     ; Untyped              ;
; G0_INITIAL                    ; 1                     ; Untyped              ;
; G1_INITIAL                    ; 1                     ; Untyped              ;
; G2_INITIAL                    ; 1                     ; Untyped              ;
; G3_INITIAL                    ; 1                     ; Untyped              ;
; E0_INITIAL                    ; 1                     ; Untyped              ;
; E1_INITIAL                    ; 1                     ; Untyped              ;
; E2_INITIAL                    ; 1                     ; Untyped              ;
; E3_INITIAL                    ; 1                     ; Untyped              ;
; L0_MODE                       ; BYPASS                ; Untyped              ;
; L1_MODE                       ; BYPASS                ; Untyped              ;
; G0_MODE                       ; BYPASS                ; Untyped              ;
; G1_MODE                       ; BYPASS                ; Untyped              ;
; G2_MODE                       ; BYPASS                ; Untyped              ;
; G3_MODE                       ; BYPASS                ; Untyped              ;
; E0_MODE                       ; BYPASS                ; Untyped              ;
; E1_MODE                       ; BYPASS                ; Untyped              ;
; E2_MODE                       ; BYPASS                ; Untyped              ;
; E3_MODE                       ; BYPASS                ; Untyped              ;
; L0_PH                         ; 0                     ; Untyped              ;
; L1_PH                         ; 0                     ; Untyped              ;
; G0_PH                         ; 0                     ; Untyped              ;
; G1_PH                         ; 0                     ; Untyped              ;
; G2_PH                         ; 0                     ; Untyped              ;
; G3_PH                         ; 0                     ; Untyped              ;
; E0_PH                         ; 0                     ; Untyped              ;
; E1_PH                         ; 0                     ; Untyped              ;
; E2_PH                         ; 0                     ; Untyped              ;
; E3_PH                         ; 0                     ; Untyped              ;
; M_PH                          ; 0                     ; Untyped              ;
; C1_USE_CASC_IN                ; OFF                   ; Untyped              ;
; C2_USE_CASC_IN                ; OFF                   ; Untyped              ;
; C3_USE_CASC_IN                ; OFF                   ; Untyped              ;
; C4_USE_CASC_IN                ; OFF                   ; Untyped              ;
; C5_USE_CASC_IN                ; OFF                   ; Untyped              ;
; C6_USE_CASC_IN                ; OFF                   ; Untyped              ;
; C7_USE_CASC_IN                ; OFF                   ; Untyped              ;
; C8_USE_CASC_IN                ; OFF                   ; Untyped              ;
; C9_USE_CASC_IN                ; OFF                   ; Untyped              ;
; CLK0_COUNTER                  ; G0                    ; Untyped              ;
; CLK1_COUNTER                  ; G0                    ; Untyped              ;
; CLK2_COUNTER                  ; G0                    ; Untyped              ;
; CLK3_COUNTER                  ; G0                    ; Untyped              ;
; CLK4_COUNTER                  ; G0                    ; Untyped              ;
; CLK5_COUNTER                  ; G0                    ; Untyped              ;
; CLK6_COUNTER                  ; E0                    ; Untyped              ;
; CLK7_COUNTER                  ; E1                    ; Untyped              ;
; CLK8_COUNTER                  ; E2                    ; Untyped              ;
; CLK9_COUNTER                  ; E3                    ; Untyped              ;
; L0_TIME_DELAY                 ; 0                     ; Untyped              ;
; L1_TIME_DELAY                 ; 0                     ; Untyped              ;
; G0_TIME_DELAY                 ; 0                     ; Untyped              ;
; G1_TIME_DELAY                 ; 0                     ; Untyped              ;
; G2_TIME_DELAY                 ; 0                     ; Untyped              ;
; G3_TIME_DELAY                 ; 0                     ; Untyped              ;
; E0_TIME_DELAY                 ; 0                     ; Untyped              ;
; E1_TIME_DELAY                 ; 0                     ; Untyped              ;
; E2_TIME_DELAY                 ; 0                     ; Untyped              ;
; E3_TIME_DELAY                 ; 0                     ; Untyped              ;
; M_TIME_DELAY                  ; 0                     ; Untyped              ;
; N_TIME_DELAY                  ; 0                     ; Untyped              ;
; EXTCLK3_COUNTER               ; E3                    ; Untyped              ;
; EXTCLK2_COUNTER               ; E2                    ; Untyped              ;
; EXTCLK1_COUNTER               ; E1                    ; Untyped              ;
; EXTCLK0_COUNTER               ; E0                    ; Untyped              ;
; ENABLE0_COUNTER               ; L0                    ; Untyped              ;
; ENABLE1_COUNTER               ; L0                    ; Untyped              ;
; CHARGE_PUMP_CURRENT           ; 2                     ; Untyped              ;
; LOOP_FILTER_R                 ;  1.000000             ; Untyped              ;
; LOOP_FILTER_C                 ; 5                     ; Untyped              ;
; CHARGE_PUMP_CURRENT_BITS      ; 9999                  ; Untyped              ;
; LOOP_FILTER_R_BITS            ; 9999                  ; Untyped              ;
; LOOP_FILTER_C_BITS            ; 9999                  ; Untyped              ;
; VCO_POST_SCALE                ; 0                     ; Untyped              ;
; CLK2_OUTPUT_FREQUENCY         ; 0                     ; Untyped              ;
; CLK1_OUTPUT_FREQUENCY         ; 0                     ; Untyped              ;
; CLK0_OUTPUT_FREQUENCY         ; 0                     ; Untyped              ;
; INTENDED_DEVICE_FAMILY        ; Cyclone IV E          ; Untyped              ;
; PORT_CLKENA0                  ; PORT_UNUSED           ; Untyped              ;
; PORT_CLKENA1                  ; PORT_UNUSED           ; Untyped              ;
; PORT_CLKENA2                  ; PORT_UNUSED           ; Untyped              ;
; PORT_CLKENA3                  ; PORT_UNUSED           ; Untyped              ;
; PORT_CLKENA4                  ; PORT_UNUSED           ; Untyped              ;
; PORT_CLKENA5                  ; PORT_UNUSED           ; Untyped              ;
; PORT_EXTCLKENA0               ; PORT_CONNECTIVITY     ; Untyped              ;
; PORT_EXTCLKENA1               ; PORT_CONNECTIVITY     ; Untyped              ;
; PORT_EXTCLKENA2               ; PORT_CONNECTIVITY     ; Untyped              ;
; PORT_EXTCLKENA3               ; PORT_CONNECTIVITY     ; Untyped              ;
; PORT_EXTCLK0                  ; PORT_UNUSED           ; Untyped              ;
; PORT_EXTCLK1                  ; PORT_UNUSED           ; Untyped              ;
; PORT_EXTCLK2                  ; PORT_UNUSED           ; Untyped              ;
; PORT_EXTCLK3                  ; PORT_UNUSED           ; Untyped              ;
; PORT_CLKBAD0                  ; PORT_UNUSED           ; Untyped              ;
; PORT_CLKBAD1                  ; PORT_UNUSED           ; Untyped              ;
; PORT_CLK0                     ; PORT_USED             ; Untyped              ;
; PORT_CLK1                     ; PORT_USED             ; Untyped              ;
; PORT_CLK2                     ; PORT_USED             ; Untyped              ;
; PORT_CLK3                     ; PORT_USED             ; Untyped              ;
; PORT_CLK4                     ; PORT_UNUSED           ; Untyped              ;
; PORT_CLK5                     ; PORT_UNUSED           ; Untyped              ;
; PORT_CLK6                     ; PORT_UNUSED           ; Untyped              ;
; PORT_CLK7                     ; PORT_UNUSED           ; Untyped              ;
; PORT_CLK8                     ; PORT_UNUSED           ; Untyped              ;
; PORT_CLK9                     ; PORT_UNUSED           ; Untyped              ;
; PORT_SCANDATA                 ; PORT_UNUSED           ; Untyped              ;
; PORT_SCANDATAOUT              ; PORT_UNUSED           ; Untyped              ;
; PORT_SCANDONE                 ; PORT_UNUSED           ; Untyped              ;
; PORT_SCLKOUT1                 ; PORT_CONNECTIVITY     ; Untyped              ;
; PORT_SCLKOUT0                 ; PORT_CONNECTIVITY     ; Untyped              ;
; PORT_ACTIVECLOCK              ; PORT_UNUSED           ; Untyped              ;
; PORT_CLKLOSS                  ; PORT_UNUSED           ; Untyped              ;
; PORT_INCLK1                   ; PORT_UNUSED           ; Untyped              ;
; PORT_INCLK0                   ; PORT_USED             ; Untyped              ;
; PORT_FBIN                     ; PORT_UNUSED           ; Untyped              ;
; PORT_PLLENA                   ; PORT_UNUSED           ; Untyped              ;
; PORT_CLKSWITCH                ; PORT_UNUSED           ; Untyped              ;
; PORT_ARESET                   ; PORT_USED             ; Untyped              ;
; PORT_PFDENA                   ; PORT_UNUSED           ; Untyped              ;
; PORT_SCANCLK                  ; PORT_UNUSED           ; Untyped              ;
; PORT_SCANACLR                 ; PORT_UNUSED           ; Untyped              ;
; PORT_SCANREAD                 ; PORT_UNUSED           ; Untyped              ;
; PORT_SCANWRITE                ; PORT_UNUSED           ; Untyped              ;
; PORT_ENABLE0                  ; PORT_CONNECTIVITY     ; Untyped              ;
; PORT_ENABLE1                  ; PORT_CONNECTIVITY     ; Untyped              ;
; PORT_LOCKED                   ; PORT_USED             ; Untyped              ;
; PORT_CONFIGUPDATE             ; PORT_UNUSED           ; Untyped              ;
; PORT_FBOUT                    ; PORT_CONNECTIVITY     ; Untyped              ;
; PORT_PHASEDONE                ; PORT_UNUSED           ; Untyped              ;
; PORT_PHASESTEP                ; PORT_UNUSED           ; Untyped              ;
; PORT_PHASEUPDOWN              ; PORT_UNUSED           ; Untyped              ;
; PORT_SCANCLKENA               ; PORT_UNUSED           ; Untyped              ;
; PORT_PHASECOUNTERSELECT       ; PORT_UNUSED           ; Untyped              ;
; PORT_VCOOVERRANGE             ; PORT_CONNECTIVITY     ; Untyped              ;
; PORT_VCOUNDERRANGE            ; PORT_CONNECTIVITY     ; Untyped              ;
; M_TEST_SOURCE                 ; 5                     ; Untyped              ;
; C0_TEST_SOURCE                ; 5                     ; Untyped              ;
; C1_TEST_SOURCE                ; 5                     ; Untyped              ;
; C2_TEST_SOURCE                ; 5                     ; Untyped              ;
; C3_TEST_SOURCE                ; 5                     ; Untyped              ;
; C4_TEST_SOURCE                ; 5                     ; Untyped              ;
; C5_TEST_SOURCE                ; 5                     ; Untyped              ;
; C6_TEST_SOURCE                ; 5                     ; Untyped              ;
; C7_TEST_SOURCE                ; 5                     ; Untyped              ;
; C8_TEST_SOURCE                ; 5                     ; Untyped              ;
; C9_TEST_SOURCE                ; 5                     ; Untyped              ;
; CBXI_PARAMETER                ; PLL_altpll            ; Untyped              ;
; VCO_FREQUENCY_CONTROL         ; AUTO                  ; Untyped              ;
; VCO_PHASE_SHIFT_STEP          ; 0                     ; Untyped              ;
; WIDTH_CLOCK                   ; 5                     ; Signed Integer       ;
; WIDTH_PHASECOUNTERSELECT      ; 4                     ; Untyped              ;
; USING_FBMIMICBIDIR_PORT       ; OFF                   ; Untyped              ;
; DEVICE_FAMILY                 ; Cyclone IV E          ; Untyped              ;
; SCAN_CHAIN_MIF_FILE           ; UNUSED                ; Untyped              ;
; SIM_GATE_LOCK_DEVICE_BEHAVIOR ; OFF                   ; Untyped              ;
; AUTO_CARRY_CHAINS             ; ON                    ; AUTO_CARRY           ;
; IGNORE_CARRY_BUFFERS          ; OFF                   ; IGNORE_CARRY         ;
; AUTO_CASCADE_CHAINS           ; ON                    ; AUTO_CASCADE         ;
; IGNORE_CASCADE_BUFFERS        ; OFF                   ; IGNORE_CASCADE       ;
+-------------------------------+-----------------------+----------------------+
Note: In order to hide this table in the UI and the text report file, please set the "Show Parameter Settings in Synthesis Report" option in "Analysis and Synthesis Settings -> More Settings" to "Off".


+----------------------------------------------------------------------------------------------+
; Parameter Settings for User Entity Instance: PROGRAM:program|altsyncram:altsyncram_component ;
+------------------------------------+----------------------+----------------------------------+
; Parameter Name                     ; Value                ; Type                             ;
+------------------------------------+----------------------+----------------------------------+
; BYTE_SIZE_BLOCK                    ; 8                    ; Untyped                          ;
; AUTO_CARRY_CHAINS                  ; ON                   ; AUTO_CARRY                       ;
; IGNORE_CARRY_BUFFERS               ; OFF                  ; IGNORE_CARRY                     ;
; AUTO_CASCADE_CHAINS                ; ON                   ; AUTO_CASCADE                     ;
; IGNORE_CASCADE_BUFFERS             ; OFF                  ; IGNORE_CASCADE                   ;
; WIDTH_BYTEENA                      ; 1                    ; Untyped                          ;
; OPERATION_MODE                     ; ROM                  ; Untyped                          ;
; WIDTH_A                            ; 24                   ; Signed Integer                   ;
; WIDTHAD_A                          ; 12                   ; Signed Integer                   ;
; NUMWORDS_A                         ; 4096                 ; Signed Integer                   ;
; OUTDATA_REG_A                      ; UNREGISTERED         ; Untyped                          ;
; ADDRESS_ACLR_A                     ; NONE                 ; Untyped                          ;
; OUTDATA_ACLR_A                     ; NONE                 ; Untyped                          ;
; WRCONTROL_ACLR_A                   ; NONE                 ; Untyped                          ;
; INDATA_ACLR_A                      ; NONE                 ; Untyped                          ;
; BYTEENA_ACLR_A                     ; NONE                 ; Untyped                          ;
; WIDTH_B                            ; 1                    ; Untyped                          ;
; WIDTHAD_B                          ; 1                    ; Untyped                          ;
; NUMWORDS_B                         ; 1                    ; Untyped                          ;
; INDATA_REG_B                       ; CLOCK1               ; Untyped                          ;
; WRCONTROL_WRADDRESS_REG_B          ; CLOCK1               ; Untyped                          ;
; RDCONTROL_REG_B                    ; CLOCK1               ; Untyped                          ;
; ADDRESS_REG_B                      ; CLOCK1               ; Untyped                          ;
; OUTDATA_REG_B                      ; UNREGISTERED         ; Untyped                          ;
; BYTEENA_REG_B                      ; CLOCK1               ; Untyped                          ;
; INDATA_ACLR_B                      ; NONE                 ; Untyped                          ;
; WRCONTROL_ACLR_B                   ; NONE                 ; Untyped                          ;
; ADDRESS_ACLR_B                     ; NONE                 ; Untyped                          ;
; OUTDATA_ACLR_B                     ; NONE                 ; Untyped                          ;
; RDCONTROL_ACLR_B                   ; NONE                 ; Untyped                          ;
; BYTEENA_ACLR_B                     ; NONE                 ; Untyped                          ;
; WIDTH_BYTEENA_A                    ; 1                    ; Signed Integer                   ;
; WIDTH_BYTEENA_B                    ; 1                    ; Untyped                          ;
; RAM_BLOCK_TYPE                     ; AUTO                 ; Untyped                          ;
; BYTE_SIZE                          ; 8                    ; Untyped                          ;
; READ_DURING_WRITE_MODE_MIXED_PORTS ; DONT_CARE            ; Untyped                          ;
; READ_DURING_WRITE_MODE_PORT_A      ; NEW_DATA_NO_NBE_READ ; Untyped                          ;
; READ_DURING_WRITE_MODE_PORT_B      ; NEW_DATA_NO_NBE_READ ; Untyped                          ;
; INIT_FILE                          ; PROGRAM.mif          ; Untyped                          ;
; INIT_FILE_LAYOUT                   ; PORT_A               ; Untyped                          ;
; MAXIMUM_DEPTH                      ; 0                    ; Untyped                          ;
; CLOCK_ENABLE_INPUT_A               ; BYPASS               ; Untyped                          ;
; CLOCK_ENABLE_INPUT_B               ; NORMAL               ; Untyped                          ;
; CLOCK_ENABLE_OUTPUT_A              ; BYPASS               ; Untyped                          ;
; CLOCK_ENABLE_OUTPUT_B              ; NORMAL               ; Untyped                          ;
; CLOCK_ENABLE_CORE_A                ; USE_INPUT_CLKEN      ; Untyped                          ;
; CLOCK_ENABLE_CORE_B                ; USE_INPUT_CLKEN      ; Untyped                          ;
; ENABLE_ECC                         ; FALSE                ; Untyped                          ;
; ECC_PIPELINE_STAGE_ENABLED         ; FALSE                ; Untyped                          ;
; WIDTH_ECCSTATUS                    ; 3                    ; Untyped                          ;
; DEVICE_FAMILY                      ; Cyclone IV E         ; Untyped                          ;
; CBXI_PARAMETER                     ; altsyncram_s6a1      ; Untyped                          ;
+------------------------------------+----------------------+----------------------------------+
Note: In order to hide this table in the UI and the text report file, please set the "Show Parameter Settings in Synthesis Report" option in "Analysis and Synthesis Settings -> More Settings" to "Off".


+---------------------------------------------------------------------------------------------+
; altsyncram Parameter Settings by Entity Instance                                            ;
+-------------------------------------------+-------------------------------------------------+
; Name                                      ; Value                                           ;
+-------------------------------------------+-------------------------------------------------+
; Number of entity instances                ; 2                                               ;
; Entity Instance                           ; DATA:inst3|altsyncram:altsyncram_component      ;
;     -- OPERATION_MODE                     ; SINGLE_PORT                                     ;
;     -- WIDTH_A                            ; 16                                              ;
;     -- NUMWORDS_A                         ; 4096                                            ;
;     -- OUTDATA_REG_A                      ; CLOCK0                                          ;
;     -- WIDTH_B                            ; 1                                               ;
;     -- NUMWORDS_B                         ; 1                                               ;
;     -- ADDRESS_REG_B                      ; CLOCK1                                          ;
;     -- OUTDATA_REG_B                      ; UNREGISTERED                                    ;
;     -- RAM_BLOCK_TYPE                     ; AUTO                                            ;
;     -- READ_DURING_WRITE_MODE_MIXED_PORTS ; DONT_CARE                                       ;
; Entity Instance                           ; PROGRAM:program|altsyncram:altsyncram_component ;
;     -- OPERATION_MODE                     ; ROM                                             ;
;     -- WIDTH_A                            ; 24                                              ;
;     -- NUMWORDS_A                         ; 4096                                            ;
;     -- OUTDATA_REG_A                      ; UNREGISTERED                                    ;
;     -- WIDTH_B                            ; 1                                               ;
;     -- NUMWORDS_B                         ; 1                                               ;
;     -- ADDRESS_REG_B                      ; CLOCK1                                          ;
;     -- OUTDATA_REG_B                      ; UNREGISTERED                                    ;
;     -- RAM_BLOCK_TYPE                     ; AUTO                                            ;
;     -- READ_DURING_WRITE_MODE_MIXED_PORTS ; DONT_CARE                                       ;
+-------------------------------------------+-------------------------------------------------+


+-----------------------------------------------------------------+
; altpll Parameter Settings by Entity Instance                    ;
+-------------------------------+---------------------------------+
; Name                          ; Value                           ;
+-------------------------------+---------------------------------+
; Number of entity instances    ; 1                               ;
; Entity Instance               ; PLL:pll|altpll:altpll_component ;
;     -- OPERATION_MODE         ; NORMAL                          ;
;     -- PLL_TYPE               ; AUTO                            ;
;     -- PRIMARY_CLOCK          ; INCLK0                          ;
;     -- INCLK0_INPUT_FREQUENCY ; 10000                           ;
;     -- INCLK1_INPUT_FREQUENCY ; 0                               ;
;     -- VCO_MULTIPLY_BY        ; 0                               ;
;     -- VCO_DIVIDE_BY          ; 0                               ;
+-------------------------------+---------------------------------+


+-----------------------------------------------------+
; Post-Synthesis Netlist Statistics for Top Partition ;
+-------------------+---------------------------------+
; Type              ; Count                           ;
+-------------------+---------------------------------+
; boundary_port     ; 1                               ;
;                   ;                                 ;
; Max LUT depth     ; 0.00                            ;
; Average LUT depth ; 0.00                            ;
+-------------------+---------------------------------+


+-------------------------------+
; Elapsed Time Per Partition    ;
+----------------+--------------+
; Partition Name ; Elapsed Time ;
+----------------+--------------+
; Top            ; 00:00:01     ;
+----------------+--------------+


+-------------------------------+
; Analysis & Synthesis Messages ;
+-------------------------------+
Info: *******************************************************************
Info: Running Quartus Prime Analysis & Synthesis
    Info: Version 20.1.0 Build 711 06/05/2020 SJ Lite Edition
    Info: Processing started: Mon Jun 27 23:41:19 2022
Info: Command: quartus_map --read_settings_files=on --write_settings_files=off EV22G5 -c EV22G5
Warning (125092): Tcl Script File PROGRAM.qip not found
    Info (125063): set_global_assignment -name QIP_FILE PROGRAM.qip
Warning (18236): Number of processors has not been specified which may cause overloading on shared machines.  Set the global assignment NUM_PARALLEL_PROCESSORS in your QSF to an appropriate value for best performance.
Info (20030): Parallel compilation is enabled and will use 2 of the 2 processors detected
Info (12021): Found 1 design units, including 1 entities, in source file modules/uctest.v
    Info (12023): Found entity 1: UCtest File: D:/intelFPGA/Projects/EV22G5/modules/UCtest.v Line: 1
Info (12021): Found 1 design units, including 1 entities, in source file modules/eff24.v
    Info (12023): Found entity 1: EFF24 File: D:/intelFPGA/Projects/EV22G5/modules/EFF24.v Line: 1
Info (12021): Found 1 design units, including 1 entities, in source file modules/pc.v
    Info (12023): Found entity 1: pc File: D:/intelFPGA/Projects/EV22G5/modules/pc.v Line: 1
Info (12021): Found 1 design units, including 1 entities, in source file ev22g5.bdf
    Info (12023): Found entity 1: EV22G5
Info (12021): Found 1 design units, including 1 entities, in source file pll.v
    Info (12023): Found entity 1: PLL File: D:/intelFPGA/Projects/EV22G5/PLL.v Line: 40
Info (12021): Found 1 design units, including 1 entities, in source file data.v
    Info (12023): Found entity 1: DATA File: D:/intelFPGA/Projects/EV22G5/DATA.v Line: 40
Info (12127): Elaborating entity "EV22G5" for the top level hierarchy
Info (12128): Elaborating entity "DATA" for hierarchy "DATA:inst3"
Info (12128): Elaborating entity "altsyncram" for hierarchy "DATA:inst3|altsyncram:altsyncram_component" File: D:/intelFPGA/Projects/EV22G5/DATA.v Line: 86
Info (12130): Elaborated megafunction instantiation "DATA:inst3|altsyncram:altsyncram_component" File: D:/intelFPGA/Projects/EV22G5/DATA.v Line: 86
Info (12133): Instantiated megafunction "DATA:inst3|altsyncram:altsyncram_component" with the following parameter: File: D:/intelFPGA/Projects/EV22G5/DATA.v Line: 86
    Info (12134): Parameter "clock_enable_input_a" = "BYPASS"
    Info (12134): Parameter "clock_enable_output_a" = "BYPASS"
    Info (12134): Parameter "intended_device_family" = "Cyclone IV E"
    Info (12134): Parameter "lpm_hint" = "ENABLE_RUNTIME_MOD=NO"
    Info (12134): Parameter "lpm_type" = "altsyncram"
    Info (12134): Parameter "numwords_a" = "4096"
    Info (12134): Parameter "operation_mode" = "SINGLE_PORT"
    Info (12134): Parameter "outdata_aclr_a" = "NONE"
    Info (12134): Parameter "outdata_reg_a" = "CLOCK0"
    Info (12134): Parameter "power_up_uninitialized" = "FALSE"
    Info (12134): Parameter "read_during_write_mode_port_a" = "NEW_DATA_NO_NBE_READ"
    Info (12134): Parameter "widthad_a" = "12"
    Info (12134): Parameter "width_a" = "16"
    Info (12134): Parameter "width_byteena_a" = "1"
Info (12021): Found 1 design units, including 1 entities, in source file db/altsyncram_2jf1.tdf
    Info (12023): Found entity 1: altsyncram_2jf1 File: D:/intelFPGA/Projects/EV22G5/db/altsyncram_2jf1.tdf Line: 28
Info (12128): Elaborating entity "altsyncram_2jf1" for hierarchy "DATA:inst3|altsyncram:altsyncram_component|altsyncram_2jf1:auto_generated" File: d:/intelfpga/20.1/quartus/libraries/megafunctions/altsyncram.tdf Line: 792
Info (12128): Elaborating entity "EFF24" for hierarchy "EFF24:IR"
Info (12128): Elaborating entity "UCtest" for hierarchy "UCtest:uctest"
Info (12128): Elaborating entity "PLL" for hierarchy "PLL:pll"
Info (12128): Elaborating entity "altpll" for hierarchy "PLL:pll|altpll:altpll_component" File: D:/intelFPGA/Projects/EV22G5/PLL.v Line: 116
Info (12130): Elaborated megafunction instantiation "PLL:pll|altpll:altpll_component" File: D:/intelFPGA/Projects/EV22G5/PLL.v Line: 116
Info (12133): Instantiated megafunction "PLL:pll|altpll:altpll_component" with the following parameter: File: D:/intelFPGA/Projects/EV22G5/PLL.v Line: 116
    Info (12134): Parameter "bandwidth_type" = "AUTO"
    Info (12134): Parameter "clk0_divide_by" = "100"
    Info (12134): Parameter "clk0_duty_cycle" = "25"
    Info (12134): Parameter "clk0_multiply_by" = "1"
    Info (12134): Parameter "clk0_phase_shift" = "0"
    Info (12134): Parameter "clk1_divide_by" = "100"
    Info (12134): Parameter "clk1_duty_cycle" = "25"
    Info (12134): Parameter "clk1_multiply_by" = "1"
    Info (12134): Parameter "clk1_phase_shift" = "250000"
    Info (12134): Parameter "clk2_divide_by" = "100"
    Info (12134): Parameter "clk2_duty_cycle" = "25"
    Info (12134): Parameter "clk2_multiply_by" = "1"
    Info (12134): Parameter "clk2_phase_shift" = "500000"
    Info (12134): Parameter "clk3_divide_by" = "100"
    Info (12134): Parameter "clk3_duty_cycle" = "25"
    Info (12134): Parameter "clk3_multiply_by" = "1"
    Info (12134): Parameter "clk3_phase_shift" = "750000"
    Info (12134): Parameter "compensate_clock" = "CLK0"
    Info (12134): Parameter "inclk0_input_frequency" = "10000"
    Info (12134): Parameter "intended_device_family" = "Cyclone IV E"
    Info (12134): Parameter "lpm_hint" = "CBX_MODULE_PREFIX=PLL"
    Info (12134): Parameter "lpm_type" = "altpll"
    Info (12134): Parameter "operation_mode" = "NORMAL"
    Info (12134): Parameter "pll_type" = "AUTO"
    Info (12134): Parameter "port_activeclock" = "PORT_UNUSED"
    Info (12134): Parameter "port_areset" = "PORT_USED"
    Info (12134): Parameter "port_clkbad0" = "PORT_UNUSED"
    Info (12134): Parameter "port_clkbad1" = "PORT_UNUSED"
    Info (12134): Parameter "port_clkloss" = "PORT_UNUSED"
    Info (12134): Parameter "port_clkswitch" = "PORT_UNUSED"
    Info (12134): Parameter "port_configupdate" = "PORT_UNUSED"
    Info (12134): Parameter "port_fbin" = "PORT_UNUSED"
    Info (12134): Parameter "port_inclk0" = "PORT_USED"
    Info (12134): Parameter "port_inclk1" = "PORT_UNUSED"
    Info (12134): Parameter "port_locked" = "PORT_USED"
    Info (12134): Parameter "port_pfdena" = "PORT_UNUSED"
    Info (12134): Parameter "port_phasecounterselect" = "PORT_UNUSED"
    Info (12134): Parameter "port_phasedone" = "PORT_UNUSED"
    Info (12134): Parameter "port_phasestep" = "PORT_UNUSED"
    Info (12134): Parameter "port_phaseupdown" = "PORT_UNUSED"
    Info (12134): Parameter "port_pllena" = "PORT_UNUSED"
    Info (12134): Parameter "port_scanaclr" = "PORT_UNUSED"
    Info (12134): Parameter "port_scanclk" = "PORT_UNUSED"
    Info (12134): Parameter "port_scanclkena" = "PORT_UNUSED"
    Info (12134): Parameter "port_scandata" = "PORT_UNUSED"
    Info (12134): Parameter "port_scandataout" = "PORT_UNUSED"
    Info (12134): Parameter "port_scandone" = "PORT_UNUSED"
    Info (12134): Parameter "port_scanread" = "PORT_UNUSED"
    Info (12134): Parameter "port_scanwrite" = "PORT_UNUSED"
    Info (12134): Parameter "port_clk0" = "PORT_USED"
    Info (12134): Parameter "port_clk1" = "PORT_USED"
    Info (12134): Parameter "port_clk2" = "PORT_USED"
    Info (12134): Parameter "port_clk3" = "PORT_USED"
    Info (12134): Parameter "port_clk4" = "PORT_UNUSED"
    Info (12134): Parameter "port_clk5" = "PORT_UNUSED"
    Info (12134): Parameter "port_clkena0" = "PORT_UNUSED"
    Info (12134): Parameter "port_clkena1" = "PORT_UNUSED"
    Info (12134): Parameter "port_clkena2" = "PORT_UNUSED"
    Info (12134): Parameter "port_clkena3" = "PORT_UNUSED"
    Info (12134): Parameter "port_clkena4" = "PORT_UNUSED"
    Info (12134): Parameter "port_clkena5" = "PORT_UNUSED"
    Info (12134): Parameter "port_extclk0" = "PORT_UNUSED"
    Info (12134): Parameter "port_extclk1" = "PORT_UNUSED"
    Info (12134): Parameter "port_extclk2" = "PORT_UNUSED"
    Info (12134): Parameter "port_extclk3" = "PORT_UNUSED"
    Info (12134): Parameter "self_reset_on_loss_lock" = "OFF"
    Info (12134): Parameter "width_clock" = "5"
Info (12021): Found 1 design units, including 1 entities, in source file db/pll_altpll.v
    Info (12023): Found entity 1: PLL_altpll File: D:/intelFPGA/Projects/EV22G5/db/pll_altpll.v Line: 31
Info (12128): Elaborating entity "PLL_altpll" for hierarchy "PLL:pll|altpll:altpll_component|PLL_altpll:auto_generated" File: d:/intelfpga/20.1/quartus/libraries/megafunctions/altpll.tdf Line: 898
Warning (12125): Using design file program.v, which is not specified as a design file for the current project, but contains definitions for 1 design units and 1 entities in project
    Info (12023): Found entity 1: PROGRAM File: D:/intelFPGA/Projects/EV22G5/program.v Line: 40
Info (12128): Elaborating entity "PROGRAM" for hierarchy "PROGRAM:program"
Info (12128): Elaborating entity "altsyncram" for hierarchy "PROGRAM:program|altsyncram:altsyncram_component" File: D:/intelFPGA/Projects/EV22G5/program.v Line: 82
Info (12130): Elaborated megafunction instantiation "PROGRAM:program|altsyncram:altsyncram_component" File: D:/intelFPGA/Projects/EV22G5/program.v Line: 82
Info (12133): Instantiated megafunction "PROGRAM:program|altsyncram:altsyncram_component" with the following parameter: File: D:/intelFPGA/Projects/EV22G5/program.v Line: 82
    Info (12134): Parameter "address_aclr_a" = "NONE"
    Info (12134): Parameter "clock_enable_input_a" = "BYPASS"
    Info (12134): Parameter "clock_enable_output_a" = "BYPASS"
    Info (12134): Parameter "init_file" = "PROGRAM.mif"
    Info (12134): Parameter "intended_device_family" = "Cyclone IV E"
    Info (12134): Parameter "lpm_hint" = "ENABLE_RUNTIME_MOD=NO"
    Info (12134): Parameter "lpm_type" = "altsyncram"
    Info (12134): Parameter "numwords_a" = "4096"
    Info (12134): Parameter "operation_mode" = "ROM"
    Info (12134): Parameter "outdata_aclr_a" = "NONE"
    Info (12134): Parameter "outdata_reg_a" = "UNREGISTERED"
    Info (12134): Parameter "widthad_a" = "12"
    Info (12134): Parameter "width_a" = "24"
    Info (12134): Parameter "width_byteena_a" = "1"
Info (12021): Found 1 design units, including 1 entities, in source file db/altsyncram_s6a1.tdf
    Info (12023): Found entity 1: altsyncram_s6a1 File: D:/intelFPGA/Projects/EV22G5/db/altsyncram_s6a1.tdf Line: 28
Info (12128): Elaborating entity "altsyncram_s6a1" for hierarchy "PROGRAM:program|altsyncram:altsyncram_component|altsyncram_s6a1:auto_generated" File: d:/intelfpga/20.1/quartus/libraries/megafunctions/altsyncram.tdf Line: 792
Info (12128): Elaborating entity "pc" for hierarchy "pc:pc"
Warning (10230): Verilog HDL assignment warning at pc.v(24): truncated value with size 32 to match size of target (12) File: D:/intelFPGA/Projects/EV22G5/modules/pc.v Line: 24
Warning (10230): Verilog HDL assignment warning at pc.v(25): truncated value with size 24 to match size of target (12) File: D:/intelFPGA/Projects/EV22G5/modules/pc.v Line: 25
Warning (10230): Verilog HDL assignment warning at pc.v(29): truncated value with size 24 to match size of target (12) File: D:/intelFPGA/Projects/EV22G5/modules/pc.v Line: 29
Warning (10230): Verilog HDL assignment warning at pc.v(31): truncated value with size 32 to match size of target (12) File: D:/intelFPGA/Projects/EV22G5/modules/pc.v Line: 31
Warning (10230): Verilog HDL assignment warning at pc.v(41): truncated value with size 24 to match size of target (12) File: D:/intelFPGA/Projects/EV22G5/modules/pc.v Line: 41
Warning (10230): Verilog HDL assignment warning at pc.v(43): truncated value with size 32 to match size of target (12) File: D:/intelFPGA/Projects/EV22G5/modules/pc.v Line: 43
Warning (10230): Verilog HDL assignment warning at pc.v(53): truncated value with size 24 to match size of target (12) File: D:/intelFPGA/Projects/EV22G5/modules/pc.v Line: 53
Warning (10230): Verilog HDL assignment warning at pc.v(55): truncated value with size 32 to match size of target (12) File: D:/intelFPGA/Projects/EV22G5/modules/pc.v Line: 55
Warning (10230): Verilog HDL assignment warning at pc.v(64): truncated value with size 24 to match size of target (12) File: D:/intelFPGA/Projects/EV22G5/modules/pc.v Line: 64
Warning (10230): Verilog HDL assignment warning at pc.v(66): truncated value with size 32 to match size of target (12) File: D:/intelFPGA/Projects/EV22G5/modules/pc.v Line: 66
Warning (14284): Synthesized away the following node(s):
    Warning (14285): Synthesized away the following RAM node(s):
        Warning (14320): Synthesized away node "DATA:inst3|altsyncram:altsyncram_component|altsyncram_2jf1:auto_generated|q_a[0]" File: D:/intelFPGA/Projects/EV22G5/db/altsyncram_2jf1.tdf Line: 37
        Warning (14320): Synthesized away node "DATA:inst3|altsyncram:altsyncram_component|altsyncram_2jf1:auto_generated|q_a[1]" File: D:/intelFPGA/Projects/EV22G5/db/altsyncram_2jf1.tdf Line: 60
        Warning (14320): Synthesized away node "DATA:inst3|altsyncram:altsyncram_component|altsyncram_2jf1:auto_generated|q_a[2]" File: D:/intelFPGA/Projects/EV22G5/db/altsyncram_2jf1.tdf Line: 83
        Warning (14320): Synthesized away node "DATA:inst3|altsyncram:altsyncram_component|altsyncram_2jf1:auto_generated|q_a[3]" File: D:/intelFPGA/Projects/EV22G5/db/altsyncram_2jf1.tdf Line: 106
        Warning (14320): Synthesized away node "DATA:inst3|altsyncram:altsyncram_component|altsyncram_2jf1:auto_generated|q_a[4]" File: D:/intelFPGA/Projects/EV22G5/db/altsyncram_2jf1.tdf Line: 129
        Warning (14320): Synthesized away node "DATA:inst3|altsyncram:altsyncram_component|altsyncram_2jf1:auto_generated|q_a[5]" File: D:/intelFPGA/Projects/EV22G5/db/altsyncram_2jf1.tdf Line: 152
        Warning (14320): Synthesized away node "DATA:inst3|altsyncram:altsyncram_component|altsyncram_2jf1:auto_generated|q_a[6]" File: D:/intelFPGA/Projects/EV22G5/db/altsyncram_2jf1.tdf Line: 175
        Warning (14320): Synthesized away node "DATA:inst3|altsyncram:altsyncram_component|altsyncram_2jf1:auto_generated|q_a[7]" File: D:/intelFPGA/Projects/EV22G5/db/altsyncram_2jf1.tdf Line: 198
        Warning (14320): Synthesized away node "DATA:inst3|altsyncram:altsyncram_component|altsyncram_2jf1:auto_generated|q_a[8]" File: D:/intelFPGA/Projects/EV22G5/db/altsyncram_2jf1.tdf Line: 221
        Warning (14320): Synthesized away node "DATA:inst3|altsyncram:altsyncram_component|altsyncram_2jf1:auto_generated|q_a[9]" File: D:/intelFPGA/Projects/EV22G5/db/altsyncram_2jf1.tdf Line: 244
        Warning (14320): Synthesized away node "DATA:inst3|altsyncram:altsyncram_component|altsyncram_2jf1:auto_generated|q_a[10]" File: D:/intelFPGA/Projects/EV22G5/db/altsyncram_2jf1.tdf Line: 267
        Warning (14320): Synthesized away node "DATA:inst3|altsyncram:altsyncram_component|altsyncram_2jf1:auto_generated|q_a[11]" File: D:/intelFPGA/Projects/EV22G5/db/altsyncram_2jf1.tdf Line: 290
        Warning (14320): Synthesized away node "DATA:inst3|altsyncram:altsyncram_component|altsyncram_2jf1:auto_generated|q_a[12]" File: D:/intelFPGA/Projects/EV22G5/db/altsyncram_2jf1.tdf Line: 313
        Warning (14320): Synthesized away node "DATA:inst3|altsyncram:altsyncram_component|altsyncram_2jf1:auto_generated|q_a[13]" File: D:/intelFPGA/Projects/EV22G5/db/altsyncram_2jf1.tdf Line: 336
        Warning (14320): Synthesized away node "DATA:inst3|altsyncram:altsyncram_component|altsyncram_2jf1:auto_generated|q_a[14]" File: D:/intelFPGA/Projects/EV22G5/db/altsyncram_2jf1.tdf Line: 359
        Warning (14320): Synthesized away node "DATA:inst3|altsyncram:altsyncram_component|altsyncram_2jf1:auto_generated|q_a[15]" File: D:/intelFPGA/Projects/EV22G5/db/altsyncram_2jf1.tdf Line: 382
Warning (14284): Synthesized away the following node(s):
    Warning (14285): Synthesized away the following RAM node(s):
        Warning (14320): Synthesized away node "PROGRAM:program|altsyncram:altsyncram_component|altsyncram_s6a1:auto_generated|q_a[0]" File: D:/intelFPGA/Projects/EV22G5/db/altsyncram_s6a1.tdf Line: 35
        Warning (14320): Synthesized away node "PROGRAM:program|altsyncram:altsyncram_component|altsyncram_s6a1:auto_generated|q_a[1]" File: D:/intelFPGA/Projects/EV22G5/db/altsyncram_s6a1.tdf Line: 56
        Warning (14320): Synthesized away node "PROGRAM:program|altsyncram:altsyncram_component|altsyncram_s6a1:auto_generated|q_a[2]" File: D:/intelFPGA/Projects/EV22G5/db/altsyncram_s6a1.tdf Line: 77
        Warning (14320): Synthesized away node "PROGRAM:program|altsyncram:altsyncram_component|altsyncram_s6a1:auto_generated|q_a[3]" File: D:/intelFPGA/Projects/EV22G5/db/altsyncram_s6a1.tdf Line: 98
        Warning (14320): Synthesized away node "PROGRAM:program|altsyncram:altsyncram_component|altsyncram_s6a1:auto_generated|q_a[4]" File: D:/intelFPGA/Projects/EV22G5/db/altsyncram_s6a1.tdf Line: 119
        Warning (14320): Synthesized away node "PROGRAM:program|altsyncram:altsyncram_component|altsyncram_s6a1:auto_generated|q_a[5]" File: D:/intelFPGA/Projects/EV22G5/db/altsyncram_s6a1.tdf Line: 140
        Warning (14320): Synthesized away node "PROGRAM:program|altsyncram:altsyncram_component|altsyncram_s6a1:auto_generated|q_a[6]" File: D:/intelFPGA/Projects/EV22G5/db/altsyncram_s6a1.tdf Line: 161
        Warning (14320): Synthesized away node "PROGRAM:program|altsyncram:altsyncram_component|altsyncram_s6a1:auto_generated|q_a[7]" File: D:/intelFPGA/Projects/EV22G5/db/altsyncram_s6a1.tdf Line: 182
        Warning (14320): Synthesized away node "PROGRAM:program|altsyncram:altsyncram_component|altsyncram_s6a1:auto_generated|q_a[8]" File: D:/intelFPGA/Projects/EV22G5/db/altsyncram_s6a1.tdf Line: 203
        Warning (14320): Synthesized away node "PROGRAM:program|altsyncram:altsyncram_component|altsyncram_s6a1:auto_generated|q_a[9]" File: D:/intelFPGA/Projects/EV22G5/db/altsyncram_s6a1.tdf Line: 224
        Warning (14320): Synthesized away node "PROGRAM:program|altsyncram:altsyncram_component|altsyncram_s6a1:auto_generated|q_a[10]" File: D:/intelFPGA/Projects/EV22G5/db/altsyncram_s6a1.tdf Line: 245
        Warning (14320): Synthesized away node "PROGRAM:program|altsyncram:altsyncram_component|altsyncram_s6a1:auto_generated|q_a[11]" File: D:/intelFPGA/Projects/EV22G5/db/altsyncram_s6a1.tdf Line: 266
        Warning (14320): Synthesized away node "PROGRAM:program|altsyncram:altsyncram_component|altsyncram_s6a1:auto_generated|q_a[12]" File: D:/intelFPGA/Projects/EV22G5/db/altsyncram_s6a1.tdf Line: 287
        Warning (14320): Synthesized away node "PROGRAM:program|altsyncram:altsyncram_component|altsyncram_s6a1:auto_generated|q_a[13]" File: D:/intelFPGA/Projects/EV22G5/db/altsyncram_s6a1.tdf Line: 308
        Warning (14320): Synthesized away node "PROGRAM:program|altsyncram:altsyncram_component|altsyncram_s6a1:auto_generated|q_a[14]" File: D:/intelFPGA/Projects/EV22G5/db/altsyncram_s6a1.tdf Line: 329
        Warning (14320): Synthesized away node "PROGRAM:program|altsyncram:altsyncram_component|altsyncram_s6a1:auto_generated|q_a[15]" File: D:/intelFPGA/Projects/EV22G5/db/altsyncram_s6a1.tdf Line: 350
        Warning (14320): Synthesized away node "PROGRAM:program|altsyncram:altsyncram_component|altsyncram_s6a1:auto_generated|q_a[16]" File: D:/intelFPGA/Projects/EV22G5/db/altsyncram_s6a1.tdf Line: 371
        Warning (14320): Synthesized away node "PROGRAM:program|altsyncram:altsyncram_component|altsyncram_s6a1:auto_generated|q_a[17]" File: D:/intelFPGA/Projects/EV22G5/db/altsyncram_s6a1.tdf Line: 392
        Warning (14320): Synthesized away node "PROGRAM:program|altsyncram:altsyncram_component|altsyncram_s6a1:auto_generated|q_a[18]" File: D:/intelFPGA/Projects/EV22G5/db/altsyncram_s6a1.tdf Line: 413
        Warning (14320): Synthesized away node "PROGRAM:program|altsyncram:altsyncram_component|altsyncram_s6a1:auto_generated|q_a[19]" File: D:/intelFPGA/Projects/EV22G5/db/altsyncram_s6a1.tdf Line: 434
        Warning (14320): Synthesized away node "PROGRAM:program|altsyncram:altsyncram_component|altsyncram_s6a1:auto_generated|q_a[20]" File: D:/intelFPGA/Projects/EV22G5/db/altsyncram_s6a1.tdf Line: 455
        Warning (14320): Synthesized away node "PROGRAM:program|altsyncram:altsyncram_component|altsyncram_s6a1:auto_generated|q_a[21]" File: D:/intelFPGA/Projects/EV22G5/db/altsyncram_s6a1.tdf Line: 476
        Warning (14320): Synthesized away node "PROGRAM:program|altsyncram:altsyncram_component|altsyncram_s6a1:auto_generated|q_a[22]" File: D:/intelFPGA/Projects/EV22G5/db/altsyncram_s6a1.tdf Line: 497
        Warning (14320): Synthesized away node "PROGRAM:program|altsyncram:altsyncram_component|altsyncram_s6a1:auto_generated|q_a[23]" File: D:/intelFPGA/Projects/EV22G5/db/altsyncram_s6a1.tdf Line: 518
    Warning (14285): Synthesized away the following PLL node(s):
        Warning (14320): Synthesized away node "PLL:pll|altpll:altpll_component|PLL_altpll:auto_generated|wire_pll1_clk[0]" File: D:/intelFPGA/Projects/EV22G5/db/pll_altpll.v Line: 93
Info (17049): 26 registers lost all their fanouts during netlist optimizations.
Info (144001): Generated suppressed messages file D:/intelFPGA/Projects/EV22G5/output_files/EV22G5.map.smsg
Info (16010): Generating hard_block partition "hard_block:auto_generated_inst"
    Info (16011): Adding 0 node(s), including 0 DDIO, 0 PLL, 0 transceiver and 0 LCELL
Warning (21074): Design contains 1 input pin(s) that do not drive logic
    Warning (15610): No output dependent on input pin "clk_input"
Info (21057): Implemented 1 device resources after synthesis - the final resource count might be different
    Info (21058): Implemented 1 input pins
    Info (21059): Implemented 0 output pins
Info: Quartus Prime Analysis & Synthesis was successful. 0 errors, 61 warnings
    Info: Peak virtual memory: 4745 megabytes
    Info: Processing ended: Mon Jun 27 23:41:40 2022
    Info: Elapsed time: 00:00:21
    Info: Total CPU time (on all processors): 00:00:15


+------------------------------------------+
; Analysis & Synthesis Suppressed Messages ;
+------------------------------------------+
The suppressed messages can be found in D:/intelFPGA/Projects/EV22G5/output_files/EV22G5.map.smsg.


